<?xml version="1.0" encoding="UTF-8"?>
<!-- Generated by org.testng.reporters.JUnitXMLReporter -->
<testsuite hostname="CGLHRMP23014M" ignored="0" name="Test" tests="1" failures="0" timestamp="2024-07-24T14:55:16 IST" time="0.045" errors="0">
  <testcase name="@BeforeTest callReport" time="0.018" classname="API.PINCodeAPIValidation">
    <failure type="java.lang.ArrayStoreException" message="com.aventstack.extentreports.reporter.ExtentSparkReporter">
      <![CDATA[java.lang.ArrayStoreException: com.aventstack.extentreports.reporter.ExtentSparkReporter
at Utility.ExtentReport.report(ExtentReport.java:12)
at API.PINCodeAPIValidation.callReport(PINCodeAPIValidation.java:66)
... Removed 24 stack frames]]>
    </failure>
  </testcase> <!-- @BeforeTest callReport -->
  <testcase name="@AfterTest afterMethod" time="-1.721813116077E9" classname="API.PINCodeAPIValidation">
    <skipped/>
  </testcase> <!-- @AfterTest afterMethod -->
  <testcase name="searchPINCode" time="0.0" classname="API.PINCodeAPIValidation">
    <skipped/>
  </testcase> <!-- searchPINCode -->
</testsuite> <!-- Test -->
